# JRE version: OpenJDK Runtime Environment (11.0.10) (build 11.0.10+0-b96-7249189)
# Java VM: OpenJDK 64-Bit Server VM (11.0.10+0-b96-7249189, mixed mode, tiered, compressed oops, g1 gc, windows-amd64)
Heap:
 garbage-first heap   total 189440K, used 41711K [0x0000000080000000, 0x0000000100000000)
  region size 1024K, 11 young (11264K), 11 survivors (11264K)
 Metaspace       used 52197K, capacity 53522K, committed 53760K, reserved 1095680K
  class space    used 6629K, capacity 7129K, committed 7168K, reserved 1048576K
GC Heap History (20 events):
Event: 2.196 GC heap after
{Heap after GC invocations=2 (full 0):
 garbage-first heap   total 131072K, used 8584K [0x0000000080000000, 0x0000000100000000)
  region size 1024K, 1 young (1024K), 1 survivors (1024K)
 Metaspace       used 7764K, capacity 7951K, committed 8192K, reserved 1056768K
  class space    used 725K, capacity 759K, committed 768K, reserved 1048576K
}
Event: 3.645 GC heap before
{Heap before GC invocations=2 (full 0):
 garbage-first heap   total 131072K, used 28040K [0x0000000080000000, 0x0000000100000000)
  region size 1024K, 20 young (20480K), 1 survivors (1024K)
 Metaspace       used 11120K, capacity 11448K, committed 11520K, reserved 1058816K
  class space    used 1165K, capacity 1245K, committed 1280K, reserved 1048576K
}
Event: 3.651 GC heap after
{Heap after GC invocations=3 (full 0):
 garbage-first heap   total 131072K, used 9492K [0x0000000080000000, 0x0000000100000000)
  region size 1024K, 2 young (2048K), 2 survivors (2048K)
 Metaspace       used 11120K, capacity 11448K, committed 11520K, reserved 1058816K
  class space    used 1165K, capacity 1245K, committed 1280K, reserved 1048576K
}
Event: 4.701 GC heap before
{Heap before GC invocations=3 (full 0):
 garbage-first heap   total 131072K, used 38164K [0x0000000080000000, 0x0000000100000000)
  region size 1024K, 30 young (30720K), 2 survivors (2048K)
 Metaspace       used 11326K, capacity 11696K, committed 11904K, reserved 1060864K
  class space    used 1186K, capacity 1285K, committed 1408K, reserved 1048576K
}
Event: 4.711 GC heap after
{Heap after GC invocations=4 (full 0):
 garbage-first heap   total 131072K, used 13825K [0x0000000080000000, 0x0000000100000000)
  region size 1024K, 4 young (4096K), 4 survivors (4096K)
 Metaspace       used 11326K, capacity 11696K, committed 11904K, reserved 1060864K
  class space    used 1186K, capacity 1285K, committed 1408K, reserved 1048576K
}
Event: 7.938 GC heap before
{Heap before GC invocations=4 (full 0):
 garbage-first heap   total 131072K, used 56833K [0x0000000080000000, 0x0000000100000000)
  region size 1024K, 46 young (47104K), 4 survivors (4096K)
 Metaspace       used 19160K, capacity 19622K, committed 19712K, reserved 1067008K
  class space    used 2318K, capacity 2470K, committed 2560K, reserved 1048576K
}
Event: 7.953 GC heap after
{Heap after GC invocations=5 (full 0):
 garbage-first heap   total 131072K, used 16191K [0x0000000080000000, 0x0000000100000000)
  region size 1024K, 5 young (5120K), 5 survivors (5120K)
 Metaspace       used 19160K, capacity 19622K, committed 19712K, reserved 1067008K
  class space    used 2318K, capacity 2470K, committed 2560K, reserved 1048576K
}
Event: 8.320 GC heap before
{Heap before GC invocations=5 (full 0):
 garbage-first heap   total 131072K, used 26431K [0x0000000080000000, 0x0000000100000000)
  region size 1024K, 16 young (16384K), 5 survivors (5120K)
 Metaspace       used 20539K, capacity 21096K, committed 21248K, reserved 1067008K
  class space    used 2501K, capacity 2690K, committed 2816K, reserved 1048576K
}
Event: 8.339 GC heap after
{Heap after GC invocations=6 (full 0):
 garbage-first heap   total 131072K, used 16739K [0x0000000080000000, 0x0000000100000000)
  region size 1024K, 3 young (3072K), 3 survivors (3072K)
 Metaspace       used 20539K, capacity 21096K, committed 21248K, reserved 1067008K
  class space    used 2501K, capacity 2690K, committed 2816K, reserved 1048576K
}
Event: 10.309 GC heap before
{Heap before GC invocations=7 (full 0):
 garbage-first heap   total 131072K, used 62819K [0x0000000080000000, 0x0000000100000000)
  region size 1024K, 48 young (49152K), 3 survivors (3072K)
 Metaspace       used 25291K, capacity 25907K, committed 26112K, reserved 1071104K
  class space    used 3280K, capacity 3489K, committed 3584K, reserved 1048576K
}
Event: 10.326 GC heap after
{Heap after GC invocations=8 (full 0):
 garbage-first heap   total 157696K, used 18423K [0x0000000080000000, 0x0000000100000000)
  region size 1024K, 5 young (5120K), 5 survivors (5120K)
 Metaspace       used 25291K, capacity 25907K, committed 26112K, reserved 1071104K
  class space    used 3280K, capacity 3489K, committed 3584K, reserved 1048576K
}
Event: 13.029 GC heap before
{Heap before GC invocations=8 (full 0):
 garbage-first heap   total 157696K, used 75767K [0x0000000080000000, 0x0000000100000000)
  region size 1024K, 61 young (62464K), 5 survivors (5120K)
 Metaspace       used 31836K, capacity 32626K, committed 32640K, reserved 1077248K
  class space    used 4193K, capacity 4475K, committed 4480K, reserved 1048576K
}
Event: 13.044 GC heap after
{Heap after GC invocations=9 (full 0):
 garbage-first heap   total 157696K, used 20896K [0x0000000080000000, 0x0000000100000000)
  region size 1024K, 5 young (5120K), 5 survivors (5120K)
 Metaspace       used 31836K, capacity 32626K, committed 32640K, reserved 1077248K
  class space    used 4193K, capacity 4475K, committed 4480K, reserved 1048576K
}
Event: 13.635 GC heap before
{Heap before GC invocations=9 (full 0):
 garbage-first heap   total 157696K, used 29088K [0x0000000080000000, 0x0000000100000000)
  region size 1024K, 14 young (14336K), 5 survivors (5120K)
 Metaspace       used 35017K, capacity 35798K, committed 35840K, reserved 1081344K
  class space    used 4530K, capacity 4832K, committed 4864K, reserved 1048576K
}
Event: 13.654 GC heap after
{Heap after GC invocations=10 (full 0):
 garbage-first heap   total 157696K, used 23164K [0x0000000080000000, 0x0000000100000000)
  region size 1024K, 7 young (7168K), 7 survivors (7168K)
 Metaspace       used 35017K, capacity 35798K, committed 35840K, reserved 1081344K
  class space    used 4530K, capacity 4832K, committed 4864K, reserved 1048576K
}
Event: 17.101 GC heap before
{Heap before GC invocations=11 (full 0):
 garbage-first heap   total 157696K, used 89724K [0x0000000080000000, 0x0000000100000000)
  region size 1024K, 70 young (71680K), 7 survivors (7168K)
 Metaspace       used 39726K, capacity 40591K, committed 40832K, reserved 1085440K
  class space    used 5061K, capacity 5422K, committed 5504K, reserved 1048576K
}
Event: 17.128 GC heap after
{Heap after GC invocations=12 (full 0):
 garbage-first heap   total 157696K, used 27334K [0x0000000080000000, 0x0000000100000000)
  region size 1024K, 9 young (9216K), 9 survivors (9216K)
 Metaspace       used 39726K, capacity 40591K, committed 40832K, reserved 1085440K
  class space    used 5061K, capacity 5422K, committed 5504K, reserved 1048576K
}
Event: 20.936 GC heap before
{Heap before GC invocations=12 (full 0):
 garbage-first heap   total 157696K, used 96966K [0x0000000080000000, 0x0000000100000000)
  region size 1024K, 76 young (77824K), 9 survivors (9216K)
 Metaspace       used 45844K, capacity 47011K, committed 47360K, reserved 1089536K
  class space    used 5873K, capacity 6300K, committed 6400K, reserved 1048576K
}
Event: 20.961 GC heap after
{Heap after GC invocations=13 (full 0):
 garbage-first heap   total 157696K, used 28968K [0x0000000080000000, 0x0000000100000000)
  region size 1024K, 7 young (7168K), 7 survivors (7168K)
 Metaspace       used 45844K, capacity 47011K, committed 47360K, reserved 1089536K
  class space    used 5873K, capacity 6300K, committed 6400K, reserved 1048576K
}
Event: 25.289 GC heap before
{Heap before GC invocations=13 (full 0):
 garbage-first heap   total 157696K, used 110888K [0x0000000080000000, 0x0000000100000000)
  region size 1024K, 84 young (86016K), 7 survivors (7168K)
 Metaspace       used 52197K, capacity 53522K, committed 53760K, reserved 1095680K
  class space    used 6629K, capacity 7129K, committed 7168K, reserved 1048576K
}

